0x62
0x64
0x00
0x01
0x08
0x55
0x35
0xdb
0x54
0xb1
0x9e
0x61
0x14
0x00
0x3d
0x3a
0xac
0x36
0x01
0x00
0x64
0x01
0x00
0x40
0x24
0x35
0x56
0x37
0x8d
0x08
0x2e
0x08
0x00
0x00
0xee
0x08
0x50
0x04
0x93
0x0a
0x89
0x09
0xb9
0x04
0x8c
0x04
0x9e
0x09
0xe3
0x0e
0xa2
0x08
0xa7
0x08
0x00
0x00
0x00
0x00
0x00
0x00
0x00
0x00
0x00
0x00
0x00
0x00
0x00
0x00
0x00
0x00
0x00
0x00
0x00
0x00
0x00
0x00
0x00
0x00
0x80
0x3f
0x61
0x42
0xc8
0x08
0x9d
0x41
0x60
0xaf
0xb1
0x40
0x0c
0x20
0x70
0x42
0x62
0xc2
0x82
0x42
0x20
0x34
0xa4
0x41
0xc4
0xad
0x76
0x42
0xd6
0xf0
0x96
0x3d
0xe0
0x41
0x59
0x42
0x08
0xeb
0x56
0x42
0x00
0x00
0xc0
0x7f
0x00
0x00
0xc0
0x7f
0x00
0x00
0xc0
0x7f
0x00
0x00
0xc0
0x7f
0x00
0x00
0xc0
0x7f
0x00
0x00
0xc0
0x7f
0x00
0x00
0xc0
0x7f
0x00
0x00
0xc0
0x7f
0x00
0x00
0xc0
0x7f
0x00
0x00
0xc0
0x7f
0x00
0x00
0xc0
0x7f
0x00
0x00
0xc0
0x7f
0x37
0x38
0x00
0x00
0x00
0x00
0x2d
0x00
0x00
0x00
0x00
0x21
0x21
0x00
0x00
0x00
0x00
0x21
0x21
0x00
0x00
0x00
0x00
0x02
0x00
0x00
0x00
0x00
0x00
0x00
0x00
0x00
0x00
0x08
0x08
0x00
0x00
0x00
0x00
0x08
0x08
0x00
0x00
0x00
0x00
0xfc
0x3f
0x00
0x00
0x00
0x00
0x25
0x01
0x00
0x00
0x00
0x42
0x42
0x00
0x06
0x3d
0x09
0x4b
0x01
0x00
0x00
0x00
0x00
0x00
0x01
0x00
0x00
0x00
0x00
0x00
0x00
0x00
0x01
0x00
0x48
0x00
0x00
0x00
0x00
0x00
0x00
0x00
0x00
0x64
0x64
0x00
0x00
0x00
0x00
0x00
0x00
0x00
0x00
0x00
0x00
0x81
0x0a
0x67
0x00
0xa1
0x02
0xd7
0x01
0x85
0x09
0x36
0x00
0x00
0x00
0x00
0x00
0x00
0x00
0x00
0x00
0x00
0x00
0x00
0x00
0x00
0x00
0x00
0x00
0x00
0x00
0x00
0xc0
0xa8
0x01
0x07
0xff
0xff
0xff
0x00
0xc0
0xa8
0x01
0x01
0x01
0x04
0x5b
0x01
0x06
0x4f
0x73
0x69
0x72
0x69
0x73
0x00
0x77
0x16