0x62
0x64
0x00
0x01
0x08
0x55
0x35
0xdb
0x54
0xb1
0x9e
0x61
0x14
0x00
0x3d
0x3a
0xac
0x36
0x01
0x00
0x64
0x01
0x00
0x40
0x24
0x35
0x56
0x37
0x8d
0x05
0x00
0x08
0x00
0x00
0x4d
0x08
0x32
0x05
0x9d
0x0a
0x05
0x08
0x6b
0x03
0x4d
0x04
0x3f
0x08
0x03
0x0f
0x5e
0x08
0x63
0x08
0x00
0x00
0x00
0x00
0x00
0x00
0x00
0x00
0x00
0x00
0x00
0x00
0x00
0x00
0x00
0x00
0x00
0x00
0x00
0x00
0x00
0x00
0x00
0x00
0xc4
0x89
0x4d
0x42
0xf8
0x28
0xd5
0x41
0x08
0xf6
0xbb
0x40
0xb4
0xef
0x40
0x42
0x19
0xe1
0x09
0x42
0xa8
0x5e
0x94
0x41
0x20
0xb4
0x4b
0x42
0x02
0x00
0x00
0x00
0x04
0xf2
0x50
0x42/////////////////
0xf4
0x9d
0x4e///////////
0x42
0x00
0x00
0xc0
0x7f
0x00
0x00
0xc0
0x7f
0x00
0x00
0xc0
0x7f
0x00
0x00
0xc0
0x7f
0x00
0x00
0xc0
0x7f
0x00
0x00
0xc0
0x7f
0x00
0x00
0xc0
0x7f
0x00
0x00
0xc0
0x7f
0x00
0x00
0xc0
0x7f
0x00
0x00
0xc0
0x7f
0x00
0x00
0xc0
0x7f
0x00
0x00
0xc0
0x7f
0x37
0x38
0x00
0x00
0x00
0x00
0x2d
0x00
0x00
0x00
0x00
0x21
0x21
0x00
0x00
0x00
0x00
0x21
0x21
0x00
0x00
0x00
0x00
0x02
0x00
0x00
0x00
0x00
0x00
0x00
0x00
0x00
0x00
0x08
0x08
0x00
0x00
0x00
0x00
0x08
0x08
0x00
0x00
0x00
0x00
0xfc
0x3f
0x00
0x00
0x00
0x00
0x27
0x01
0x00
0x00
0x00
0x42
0x42
0x00
0x06
0x3d
0x09
0x4b
0x01
0x00
0x00
0x00
0x00
0x00
0x01
0x00
0x00
0x00
0x00
0x00
0x00
0x00
0x01
0x00
0x5a
0x00
0x00
0x00
0x00
0x00
0x00
0x00
0x00
0x00
0x00
0x00
0x00
0x00
0x00
0x00
0x00
0x00
0x00
0x00
0x00
0x7e
0x0a
0x67
0x00
0xa1
0x02
0xd7
0x01
0x84
0x09
0x36
0x00
0x00
0x00
0x00
0x00
0x00
0x00
0x00
0x00
0x00
0x00
0x00
0x00
0x00
0x00
0x00
0x00
0x00
0x00
0x00
0xc0
0xa8
0x01
0x07
0xff
0xff
0xff
0x00
0xc0
0xa8
0x01
0x01
0x01
0x04
0x5c
0x01
0x06
0x4f
0x73
0x69
0x72
0x69
0x73
0x00
0xeb
0x16