0x62
0x64
0x00
0x01
0x08
0x55
0x35
0xdb
0x54
0xb1
0x9e
0x61
0x14
0x00
0x3d
0x3a
0xac
0x36
0x01
0x00
0x64
0x01
0x00
0x40
0x24
0x35
0x56
0x37
0x8d
0x02 05
0xa6 00 
0x09 08
0x00 
0x00
0x8d 4d 
0x05 08
0x56 32
0x04 05
0x82 9d
0x0a 
0x7f 05
0x07 08
0xfe 6b
0x05 03
0x8a 4d
0x04
0x86 3f
0x07 08
0xc1 03
0x00 0f
0x74 5e
0x05 08
0x76 63
0x05 08
0x00
0x00
0x00
0x00
0x00
0x00
0x00
0x00
0x00
0x00
0x00
0x00
0x00
0x00
0x00
0x00
0x00
0x00
0x00
0x00
0x00
0x00
0x00
0x00
0x50
0x3e
0xee
0x41
0x60
0x92
0x9e
0x41
0xdf
0x47
0xa2
0x40
0x34
0x96
0x30
0x42
0x4f
0xe3
0xc2
0x42
0x90
0x9f
0xa3
0x41
0x30
0x4b
0x35
0x42
0x1f
0xff
0xc7
0x42
0xf8
0x54
0xea
0x41///////////
0xe8
0xc3
0xe5//////////
0x41
0x00
0x00
0xc0
0x7f
0x00
0x00
0xc0
0x7f
0x00
0x00
0xc0
0x7f
0x00
0x00
0xc0
0x7f
0x00
0x00
0xc0
0x7f
0x00
0x00
0xc0
0x7f
0x00
0x00
0xc0
0x7f
0x00
0x00
0xc0
0x7f
0x00
0x00
0xc0
0x7f
0x00
0x00
0xc0
0x7f
0x00
0x00
0xc0
0x7f
0x00
0x00
0xc0
0x7f
0x37
0x38
0x00
0x00
0x00
0x00
0x3c ----------------- set tem
0x00
0x00
0x00
0x00
0x22   // 21 idle pompy
0x22   // 21 idle
0x00
0x00
0x00
0x00
0x22    // 21 idle
0x22    // 21 idle
0x00
0x00
0x00
0x00
0x02
0x00
0x00
0x00
0x00
0x01    // idle 0x00 praca spoczynek???
0x00
0x00
0x00
0x00
0x08
0x08
0x00
0x00
0x00
0x00
0x08
0x08
0x00
0x00
0x00
0x00
0xfc
0x3f
0x00
0x00
0x00
0x00
0x26    idle 27
0x01
0x00
0x00
0x00
0x42
0x42
0x64    idle 00
0x06
0x3d
0x09
0x4b
0x01
0x00
0x00
0x00
0x00
0x00
0x01
0x00
0x00
0x00
0x00
0x00
0x00
0x00
0x01
0x00
0x3e  idle 0x5a
0x00
0x00
0x00
0x00
0x00
0x00
0x00
0x00
0x1d    001 fan in ?
0x1d    002 fan out?
0x6e    003 kw
0x59    004 kw
0x3f    001 kw
0x41    002 kw
0xd0    003 fuel stream
0x69    004 fuel stream
0x03    00 fuel stream
0x40    00 fuel stream
0x00     
0x00     
0x7f    --operation max h  
0x0a    --operation max h  
0x67    Operation AVER
0x00    Operation AVER
0xa1    Operation MIN.:
0x02    Operation MIN.:
0xd7    Feeder work:
0x01    Feeder work:
0x85   	Firing-up count:
0x09    Firing-up count:
0x36    Firing-up count failed ?:
0x00    Firing-up count failed ? :
0x00
0x00
0x00
0x00
0x77  00?   1399
0x05  00?   1399
0x00
0x00
0x00
0x00
0x00
0x00
0x00
0x00
0x00
0x00
0x00
0x00
0x00
0xc0    1
0xa8
0x01
0x074
0xff    1
0xff2
0xff3
0x004
0xc0    1
0xa82
0x013
0x014
0x01    1
0x042
0x5b 3rozpalenia? 5c
0x01    4
0x06
0x4f
0x73
0x69
0x72
0x69
0x73
0x00
0xfc
0x16
